c:\users\user\source\repos\basic_renderer\basic_renderer\debug\vc142.pdb
c:\users\user\source\repos\basic_renderer\basic_renderer\debug\vc142.idb
c:\users\user\source\repos\basic_renderer\basic_renderer\debug\inspectorscreen.obj
c:\users\user\source\repos\basic_renderer\basic_renderer\debug\inputsystem.obj
c:\users\user\source\repos\basic_renderer\basic_renderer\debug\indexbuffer.obj
c:\users\user\source\repos\basic_renderer\basic_renderer\debug\hierarchy.obj
c:\users\user\source\repos\basic_renderer\basic_renderer\debug\graphicsengine.obj
c:\users\user\source\repos\basic_renderer\basic_renderer\debug\enginetime.obj
c:\users\user\source\repos\basic_renderer\basic_renderer\debug\drawquad.obj
c:\users\user\source\repos\basic_renderer\basic_renderer\debug\devicecontext.obj
c:\users\user\source\repos\basic_renderer\basic_renderer\debug\cube.obj
c:\users\user\source\repos\basic_renderer\basic_renderer\debug\constantbuffer.obj
c:\users\user\source\repos\basic_renderer\basic_renderer\debug\camera.obj
c:\users\user\source\repos\basic_renderer\basic_renderer\debug\auiscreen.obj
c:\users\user\source\repos\basic_renderer\basic_renderer\debug\appwindow.obj
c:\users\user\source\repos\basic_renderer\basic_renderer\debug\agameobject.obj
c:\users\user\source\repos\basic_renderer\basic_renderer\debug\imgui_widgets.obj
c:\users\user\source\repos\basic_renderer\basic_renderer\debug\imgui_impl_win32.obj
c:\users\user\source\repos\basic_renderer\basic_renderer\debug\imgui_impl_dx11.obj
c:\users\user\source\repos\basic_renderer\basic_renderer\debug\imgui_draw.obj
c:\users\user\source\repos\basic_renderer\basic_renderer\debug\imgui_demo.obj
c:\users\user\source\repos\basic_renderer\basic_renderer\debug\imgui.obj
c:\users\user\source\repos\basic_renderer\basic_renderer\debug\window.obj
c:\users\user\source\repos\basic_renderer\basic_renderer\debug\vertexshader.obj
c:\users\user\source\repos\basic_renderer\basic_renderer\debug\vertexbuffer.obj
c:\users\user\source\repos\basic_renderer\basic_renderer\debug\vector4d.obj
c:\users\user\source\repos\basic_renderer\basic_renderer\debug\vector2d.obj
c:\users\user\source\repos\basic_renderer\basic_renderer\debug\uinames.obj
c:\users\user\source\repos\basic_renderer\basic_renderer\debug\uimanager.obj
c:\users\user\source\repos\basic_renderer\basic_renderer\debug\texturemanager.obj
c:\users\user\source\repos\basic_renderer\basic_renderer\debug\texture.obj
c:\users\user\source\repos\basic_renderer\basic_renderer\debug\swapchain.obj
c:\users\user\source\repos\basic_renderer\basic_renderer\debug\scenecamerahandler.obj
c:\users\user\source\repos\basic_renderer\basic_renderer\debug\resourcemanager.obj
c:\users\user\source\repos\basic_renderer\basic_renderer\debug\resource.obj
c:\users\user\source\repos\basic_renderer\basic_renderer\debug\rendersystem.obj
c:\users\user\source\repos\basic_renderer\basic_renderer\debug\profilescreen.obj
c:\users\user\source\repos\basic_renderer\basic_renderer\debug\point.obj
c:\users\user\source\repos\basic_renderer\basic_renderer\debug\pixelshader.obj
c:\users\user\source\repos\basic_renderer\basic_renderer\debug\menuscreen.obj
c:\users\user\source\repos\basic_renderer\basic_renderer\debug\main.obj
c:\users\user\source\repos\basic_renderer\debug\basic_renderer.pdb
c:\users\user\source\repos\basic_renderer\basic_renderer\debug\basic_renderer.tlog\cl.command.1.tlog
c:\users\user\source\repos\basic_renderer\basic_renderer\debug\basic_renderer.tlog\cl.read.1.tlog
c:\users\user\source\repos\basic_renderer\basic_renderer\debug\basic_renderer.tlog\cl.write.1.tlog
c:\users\user\source\repos\basic_renderer\basic_renderer\debug\basic_renderer.tlog\link-cvtres.read.1.tlog
c:\users\user\source\repos\basic_renderer\basic_renderer\debug\basic_renderer.tlog\link-cvtres.write.1.tlog
c:\users\user\source\repos\basic_renderer\basic_renderer\debug\basic_renderer.tlog\link-rc.read.1.tlog
c:\users\user\source\repos\basic_renderer\basic_renderer\debug\basic_renderer.tlog\link-rc.write.1.tlog
c:\users\user\source\repos\basic_renderer\basic_renderer\debug\basic_renderer.tlog\link.command.1.tlog
c:\users\user\source\repos\basic_renderer\basic_renderer\debug\basic_renderer.tlog\link.read.1.tlog
c:\users\user\source\repos\basic_renderer\basic_renderer\debug\basic_renderer.tlog\link.write.1.tlog
