c:\users\user\source\repos\basic_renderer\basic_renderer\x64\debug\vc142.pdb
c:\users\user\source\repos\basic_renderer\basic_renderer\x64\debug\vc142.idb
c:\users\user\source\repos\basic_renderer\basic_renderer\x64\debug\physicssystem.obj
c:\users\user\source\repos\basic_renderer\basic_renderer\x64\debug\physicscube.obj
c:\users\user\source\repos\basic_renderer\basic_renderer\x64\debug\physicscomponent.obj
c:\users\user\source\repos\basic_renderer\basic_renderer\x64\debug\cube.obj
c:\users\user\source\repos\basic_renderer\basic_renderer\x64\debug\creditsscreen.obj
c:\users\user\source\repos\basic_renderer\basic_renderer\x64\debug\constantbuffer.obj
c:\users\user\source\repos\basic_renderer\basic_renderer\x64\debug\colorscreen.obj
c:\users\user\source\repos\basic_renderer\basic_renderer\x64\debug\camera.obj
c:\users\user\source\repos\basic_renderer\basic_renderer\x64\debug\bunnyobj.obj
c:\users\user\source\repos\basic_renderer\basic_renderer\x64\debug\basesystem.obj
c:\users\user\source\repos\basic_renderer\basic_renderer\x64\debug\auiscreen.obj
c:\users\user\source\repos\basic_renderer\basic_renderer\x64\debug\appwindow.obj
c:\users\user\source\repos\basic_renderer\basic_renderer\x64\debug\agameobject.obj
c:\users\user\source\repos\basic_renderer\basic_renderer\x64\debug\acomponent.obj
c:\users\user\source\repos\basic_renderer\basic_renderer\x64\debug\imgui_widgets.obj
c:\users\user\source\repos\basic_renderer\basic_renderer\x64\debug\imgui_impl_win32.obj
c:\users\user\source\repos\basic_renderer\basic_renderer\x64\debug\imgui_impl_dx11.obj
c:\users\user\source\repos\basic_renderer\basic_renderer\x64\debug\imgui_draw.obj
c:\users\user\source\repos\basic_renderer\basic_renderer\x64\debug\imgui_demo.obj
c:\users\user\source\repos\basic_renderer\basic_renderer\x64\debug\imgui.obj
c:\users\user\source\repos\basic_renderer\basic_renderer\x64\debug\scenecamerahandler.obj
c:\users\user\source\repos\basic_renderer\basic_renderer\x64\debug\rendersystem.obj
c:\users\user\source\repos\basic_renderer\basic_renderer\x64\debug\profilescreen.obj
c:\users\user\source\repos\basic_renderer\basic_renderer\x64\debug\point.obj
c:\users\user\source\repos\basic_renderer\basic_renderer\x64\debug\pixelshader.obj
c:\users\user\source\repos\basic_renderer\basic_renderer\x64\debug\meshmanager.obj
c:\users\user\source\repos\basic_renderer\basic_renderer\x64\debug\mesh.obj
c:\users\user\source\repos\basic_renderer\basic_renderer\x64\debug\menuscreen.obj
c:\users\user\source\repos\basic_renderer\basic_renderer\x64\debug\main.obj
c:\users\user\source\repos\basic_renderer\basic_renderer\x64\debug\inspectorscreen.obj
c:\users\user\source\repos\basic_renderer\basic_renderer\x64\debug\inputsystem.obj
c:\users\user\source\repos\basic_renderer\basic_renderer\x64\debug\indexbuffer.obj
c:\users\user\source\repos\basic_renderer\basic_renderer\x64\debug\hierarchy.obj
c:\users\user\source\repos\basic_renderer\basic_renderer\x64\debug\graphicsengine.obj
c:\users\user\source\repos\basic_renderer\basic_renderer\x64\debug\gameobjectmanager.obj
c:\users\user\source\repos\basic_renderer\basic_renderer\x64\debug\enginetime.obj
c:\users\user\source\repos\basic_renderer\basic_renderer\x64\debug\drawquad.obj
c:\users\user\source\repos\basic_renderer\basic_renderer\x64\debug\devicecontext.obj
c:\users\user\source\repos\basic_renderer\basic_renderer\x64\debug\texturedcube.obj
c:\users\user\source\repos\basic_renderer\basic_renderer\x64\debug\plane.obj
c:\users\user\source\repos\basic_renderer\basic_renderer\x64\debug\window.obj
c:\users\user\source\repos\basic_renderer\basic_renderer\x64\debug\vertexshader.obj
c:\users\user\source\repos\basic_renderer\basic_renderer\x64\debug\vertexmesh.obj
c:\users\user\source\repos\basic_renderer\basic_renderer\x64\debug\vertexbufferwithouttexture.obj
c:\users\user\source\repos\basic_renderer\basic_renderer\x64\debug\vertexbuffer.obj
c:\users\user\source\repos\basic_renderer\basic_renderer\x64\debug\vector4d.obj
c:\users\user\source\repos\basic_renderer\basic_renderer\x64\debug\vector2d.obj
c:\users\user\source\repos\basic_renderer\basic_renderer\x64\debug\uinames.obj
c:\users\user\source\repos\basic_renderer\basic_renderer\x64\debug\uimanager.obj
c:\users\user\source\repos\basic_renderer\basic_renderer\x64\debug\teapotobj.obj
c:\users\user\source\repos\basic_renderer\basic_renderer\x64\debug\swapchain.obj
c:\users\user\source\repos\basic_renderer\basic_renderer\x64\debug\statueobj.obj
c:\users\user\source\repos\basic_renderer\basic_renderer\x64\debug\shaderlibrary.obj
c:\users\user\source\repos\basic_renderer\basic_renderer\x64\debug\texturemanager.obj
c:\users\user\source\repos\basic_renderer\basic_renderer\x64\debug\texture.obj
c:\users\user\source\repos\basic_renderer\basic_renderer\x64\debug\resourcemanager.obj
c:\users\user\source\repos\basic_renderer\basic_renderer\x64\debug\resource.obj
c:\users\user\source\repos\basic_renderer\x64\debug\basic_renderer.exe
c:\users\user\source\repos\basic_renderer\x64\debug\basic_renderer.ilk
c:\users\user\source\repos\basic_renderer\x64\debug\basic_renderer.pdb
c:\users\user\source\repos\basic_renderer\basic_renderer\x64\debug\basic_renderer.tlog\cl.command.1.tlog
c:\users\user\source\repos\basic_renderer\basic_renderer\x64\debug\basic_renderer.tlog\cl.read.1.tlog
c:\users\user\source\repos\basic_renderer\basic_renderer\x64\debug\basic_renderer.tlog\cl.write.1.tlog
c:\users\user\source\repos\basic_renderer\basic_renderer\x64\debug\basic_renderer.tlog\link.command.1.tlog
c:\users\user\source\repos\basic_renderer\basic_renderer\x64\debug\basic_renderer.tlog\link.read.1.tlog
c:\users\user\source\repos\basic_renderer\basic_renderer\x64\debug\basic_renderer.tlog\link.write.1.tlog
