c:\users\user\source\repos\basic_renderer\basic_renderer\debug\vc142.pdb
c:\users\user\source\repos\basic_renderer\basic_renderer\debug\vc142.idb
c:\users\user\source\repos\basic_renderer\basic_renderer\debug\window.obj
c:\users\user\source\repos\basic_renderer\basic_renderer\debug\vertexbuffer.obj
c:\users\user\source\repos\basic_renderer\basic_renderer\debug\swapchain.obj
c:\users\user\source\repos\basic_renderer\basic_renderer\debug\main.obj
c:\users\user\source\repos\basic_renderer\basic_renderer\debug\devicecontext.obj
c:\users\user\source\repos\basic_renderer\basic_renderer\debug\appwindow.obj
c:\users\user\source\repos\basic_renderer\basic_renderer\debug\graphicsengine.obj
c:\users\user\source\repos\basic_renderer\basic_renderer\debug\vertexshader.obj
c:\users\user\source\repos\basic_renderer\basic_renderer\debug\pixelshader.obj
c:\users\user\source\repos\basic_renderer\debug\basic_renderer.exe
c:\users\user\source\repos\basic_renderer\debug\basic_renderer.ilk
c:\users\user\source\repos\basic_renderer\debug\basic_renderer.pdb
c:\users\user\source\repos\basic_renderer\basic_renderer\debug\basic_renderer.tlog\cl.command.1.tlog
c:\users\user\source\repos\basic_renderer\basic_renderer\debug\basic_renderer.tlog\cl.read.1.tlog
c:\users\user\source\repos\basic_renderer\basic_renderer\debug\basic_renderer.tlog\cl.write.1.tlog
c:\users\user\source\repos\basic_renderer\basic_renderer\debug\basic_renderer.tlog\fxc.command.1.tlog
c:\users\user\source\repos\basic_renderer\basic_renderer\debug\basic_renderer.tlog\link.command.1.tlog
c:\users\user\source\repos\basic_renderer\basic_renderer\debug\basic_renderer.tlog\link.read.1.tlog
c:\users\user\source\repos\basic_renderer\basic_renderer\debug\basic_renderer.tlog\link.write.1.tlog
